\BOOKMARK [1][-]{section.1}{Introduksjon}{}% 1
\BOOKMARK [2][-]{subsection.1.1}{M\345l}{section.1}% 2
\BOOKMARK [2][-]{subsection.1.2}{Omfang}{section.1}% 3
\BOOKMARK [2][-]{subsection.1.3}{Definisjoner, akronymer, forkortelser}{section.1}% 4
\BOOKMARK [2][-]{subsection.1.4}{Referanser}{section.1}% 5
\BOOKMARK [2][-]{subsection.1.5}{Innholdsoversikt}{section.1}% 6
\BOOKMARK [1][-]{section.2}{Kort om Simple Network Server}{}% 7
\BOOKMARK [1][-]{section.3}{Testoppsett}{}% 8
\BOOKMARK [1][-]{section.4}{Installasjon og grunnoppsett}{}% 9
\BOOKMARK [2][-]{subsection.4.1}{Virtualbox}{section.4}% 10
\BOOKMARK [2][-]{subsection.4.2}{Vagrant}{section.4}% 11
\BOOKMARK [2][-]{subsection.4.3}{Kildekode}{section.4}% 12
\BOOKMARK [2][-]{subsection.4.4}{Kjente oppsettsproblemer}{section.4}% 13
\BOOKMARK [1][-]{section.5}{Arbeidsflyt}{}% 14
\BOOKMARK [1][-]{section.6}{Gjennomgang av n\345v\346rende funksjonalitet}{}% 15
\BOOKMARK [2][-]{subsection.6.1}{1: Start firewall}{section.6}% 16
\BOOKMARK [2][-]{subsection.6.2}{2: Start apachemonitor}{section.6}% 17
\BOOKMARK [2][-]{subsection.6.3}{3: Start fail2ban \(IPS Service\)}{section.6}% 18
\BOOKMARK [2][-]{subsection.6.4}{4: Send mail}{section.6}% 19
\BOOKMARK [2][-]{subsection.6.5}{5: Start networkmonitor}{section.6}% 20
\BOOKMARK [2][-]{subsection.6.6}{6: Start webproxy}{section.6}% 21
\BOOKMARK [2][-]{subsection.6.7}{7: Start VPN-Server}{section.6}% 22
\BOOKMARK [2][-]{subsection.6.8}{8: Start RADIUS}{section.6}% 23
\BOOKMARK [2][-]{subsection.6.9}{9: Start Snort \(IDS service\)}{section.6}% 24
\BOOKMARK [2][-]{subsection.6.10}{10: Try out SQL - injection}{section.6}% 25
\BOOKMARK [2][-]{subsection.6.11}{11: Look at database}{section.6}% 26
\BOOKMARK [2][-]{subsection.6.12}{12: ForkBomb \(exit with ctrl + c}{section.6}% 27
\BOOKMARK [2][-]{subsection.6.13}{13 og 14: Portscan og NMAP - analyse}{section.6}% 28
\BOOKMARK [1][-]{section.7}{Om kildekodens oppbyggning}{}% 29
